<?xml version="1.0" encoding="UTF-8"?>
<testsuite name="pl.edu.mimuw.MatrixAssertionsTest" tests="53" skipped="0" failures="0" errors="0" timestamp="2022-05-17T19:27:50" hostname="decubuntu" time="0.163">
  <properties/>
  <testcase name="testSparseAddThrowsOnNotMatchedSizes()" classname="pl.edu.mimuw.MatrixAssertionsTest" time="0.032"/>
  <testcase name="testInvalidConstructThrowsOnOutboundNegativeIndices()" classname="pl.edu.mimuw.MatrixAssertionsTest" time="0.046"/>
  <testcase name="testInvalidConstructThrowsOnOutboundIndices()" classname="pl.edu.mimuw.MatrixAssertionsTest" time="0.001"/>
  <testcase name="testInvalidConstructThrowsOnDifferentSizes()" classname="pl.edu.mimuw.MatrixAssertionsTest" time="0.001"/>
  <testcase name="testFullTimesThrowsOnNotMatchedSizes()" classname="pl.edu.mimuw.MatrixAssertionsTest" time="0.042"/>
  <testcase name="testFullInvalidConstructThrowsOnEmpty()" classname="pl.edu.mimuw.MatrixAssertionsTest" time="0.006"/>
  <testcase name="testSparseTimesThrowsOnNotMatchedSizes()" classname="pl.edu.mimuw.MatrixAssertionsTest" time="0.053"/>
  <testcase name="testFullInvalidConstructThrowsOnNull()" classname="pl.edu.mimuw.MatrixAssertionsTest" time="0.003"/>
  <testcase name="testFullAddThrowsOnNotMatchedSizes()" classname="pl.edu.mimuw.MatrixAssertionsTest" time="0.021"/>
  <testcase name="[1] Rozmiar macierzy: [ 2, 3 ]&#10;1.0 2.0 3.0&#10;4.0 5.0 6.0&#10;" classname="pl.edu.mimuw.MatrixAssertionsTest" time="0.033"/>
  <testcase name="[3] Rozmiar macierzy: [ 3, 3 ]&#10;7.0 0 0 &#10;0 8.0 0 &#10;0 0 9.0 &#10;" classname="pl.edu.mimuw.MatrixAssertionsTest" time="0.001"/>
  <testcase name="[7] Rozmiar macierzy: [ 2, 1 ]&#10;18.0&#10;19.0&#10;" classname="pl.edu.mimuw.MatrixAssertionsTest" time="0.021"/>
  <testcase name="[2] Rozmiar macierzy: [ 3, 2 ]&#10;1.0 2.0&#10;3.0 4.0&#10;5.0 6.0&#10;" classname="pl.edu.mimuw.MatrixAssertionsTest" time="0.032"/>
  <testcase name="[7] Rozmiar macierzy: [ 2, 1 ]&#10;18.0&#10;19.0&#10;" classname="pl.edu.mimuw.MatrixAssertionsTest" time="0.019"/>
  <testcase name="[9] Rozmiar macierzy: [ 2, 2 ]&#10;1 0 &#10;0 1 &#10;" classname="pl.edu.mimuw.MatrixAssertionsTest" time="0.02"/>
  <testcase name="[7] Rozmiar macierzy: [ 2, 1 ]&#10;18.0&#10;19.0&#10;" classname="pl.edu.mimuw.MatrixAssertionsTest" time="0.013"/>
  <testcase name="[10] Rozmiar macierzy: [ 3, 3 ]&#10;1 0 0 &#10;0 1 0 &#10;0 0 1 &#10;" classname="pl.edu.mimuw.MatrixAssertionsTest" time="0.0"/>
  <testcase name="[4] Rozmiar macierzy: [ 3, 3 ]&#10;0 0 10.0 &#10;0 11.0 0 &#10;12.0 0 0 &#10;" classname="pl.edu.mimuw.MatrixAssertionsTest" time="0.004"/>
  <testcase name="[8] Rozmiar macierzy: [ 3, 1 ]&#10;15.0&#10;16.0&#10;17.0&#10;" classname="pl.edu.mimuw.MatrixAssertionsTest" time="0.001"/>
  <testcase name="[8] Rozmiar macierzy: [ 3, 1 ]&#10;15.0&#10;16.0&#10;17.0&#10;" classname="pl.edu.mimuw.MatrixAssertionsTest" time="0.001"/>
  <testcase name="[5] Rozmiar macierzy: [ 2, 3 ]&#10;1.0 2.0 3.0&#10;4.0 5.0 6.0&#10;" classname="pl.edu.mimuw.MatrixAssertionsTest" time="0.006"/>
  <testcase name="[9] Rozmiar macierzy: [ 2, 2 ]&#10;1 0 &#10;0 1 &#10;" classname="pl.edu.mimuw.MatrixAssertionsTest" time="0.0"/>
  <testcase name="[9] Rozmiar macierzy: [ 2, 2 ]&#10;1 0 &#10;0 1 &#10;" classname="pl.edu.mimuw.MatrixAssertionsTest" time="0.001"/>
  <testcase name="[7] Rozmiar macierzy: [ 2, 1 ]&#10;18.0&#10;19.0&#10;" classname="pl.edu.mimuw.MatrixAssertionsTest" time="0.002"/>
  <testcase name="[10] Rozmiar macierzy: [ 3, 3 ]&#10;1 0 0 &#10;0 1 0 &#10;0 0 1 &#10;" classname="pl.edu.mimuw.MatrixAssertionsTest" time="0.001"/>
  <testcase name="[10] Rozmiar macierzy: [ 3, 3 ]&#10;1 0 0 &#10;0 1 0 &#10;0 0 1 &#10;" classname="pl.edu.mimuw.MatrixAssertionsTest" time="0.001"/>
  <testcase name="[6] Rozmiar macierzy: [ 3, 2 ]&#10;1.0 2.0&#10;3.0 4.0&#10;5.0 6.0&#10;" classname="pl.edu.mimuw.MatrixAssertionsTest" time="0.006"/>
  <testcase name="[11] Rozmiar macierzy: [ 3, 2 ]&#10;0 0&#10;0 0&#10;0 0&#10;" classname="pl.edu.mimuw.MatrixAssertionsTest" time="0.001"/>
  <testcase name="[11] Rozmiar macierzy: [ 3, 2 ]&#10;0 0&#10;0 0&#10;0 0&#10;" classname="pl.edu.mimuw.MatrixAssertionsTest" time="0.0"/>
  <testcase name="[2] Rozmiar macierzy: [ 3, 2 ]&#10;1.0 2.0&#10;3.0 4.0&#10;5.0 6.0&#10;" classname="pl.edu.mimuw.MatrixAssertionsTest" time="0.001"/>
  <testcase name="[3] Rozmiar macierzy: [ 3, 3 ]&#10;7.0 0 0 &#10;0 8.0 0 &#10;0 0 9.0 &#10;" classname="pl.edu.mimuw.MatrixAssertionsTest" time="0.0"/>
  <testcase name="[11] Rozmiar macierzy: [ 3, 2 ]&#10;0 0&#10;0 0&#10;0 0&#10;" classname="pl.edu.mimuw.MatrixAssertionsTest" time="0.003"/>
  <testcase name="[6] Rozmiar macierzy: [ 3, 2 ]&#10;1.0 2.0&#10;3.0 4.0&#10;5.0 6.0&#10;" classname="pl.edu.mimuw.MatrixAssertionsTest" time="0.001"/>
  <testcase name="[8] Rozmiar macierzy: [ 3, 1 ]&#10;15.0&#10;16.0&#10;17.0&#10;" classname="pl.edu.mimuw.MatrixAssertionsTest" time="0.008"/>
  <testcase name="[1] Rozmiar macierzy: [ 2, 3 ]&#10;1.0 2.0 3.0&#10;4.0 5.0 6.0&#10;" classname="pl.edu.mimuw.MatrixAssertionsTest" time="0.002"/>
  <testcase name="[8] Rozmiar macierzy: [ 3, 1 ]&#10;15.0&#10;16.0&#10;17.0&#10;" classname="pl.edu.mimuw.MatrixAssertionsTest" time="0.003"/>
  <testcase name="[4] Rozmiar macierzy: [ 3, 3 ]&#10;0 0 10.0 &#10;0 11.0 0 &#10;12.0 0 0 &#10;" classname="pl.edu.mimuw.MatrixAssertionsTest" time="0.004"/>
  <testcase name="[9] Rozmiar macierzy: [ 2, 2 ]&#10;1 0 &#10;0 1 &#10;" classname="pl.edu.mimuw.MatrixAssertionsTest" time="0.001"/>
  <testcase name="[6] Rozmiar macierzy: [ 3, 2 ]&#10;1.0 2.0&#10;3.0 4.0&#10;5.0 6.0&#10;" classname="pl.edu.mimuw.MatrixAssertionsTest" time="0.002"/>
  <testcase name="[5] Rozmiar macierzy: [ 2, 3 ]&#10;1.0 2.0 3.0&#10;4.0 5.0 6.0&#10;" classname="pl.edu.mimuw.MatrixAssertionsTest" time="0.003"/>
  <testcase name="[5] Rozmiar macierzy: [ 2, 3 ]&#10;1.0 2.0 3.0&#10;4.0 5.0 6.0&#10;" classname="pl.edu.mimuw.MatrixAssertionsTest" time="0.006"/>
  <testcase name="[11] Rozmiar macierzy: [ 3, 2 ]&#10;0 0&#10;0 0&#10;0 0&#10;" classname="pl.edu.mimuw.MatrixAssertionsTest" time="0.001"/>
  <testcase name="[5] Rozmiar macierzy: [ 2, 3 ]&#10;1.0 2.0 3.0&#10;4.0 5.0 6.0&#10;" classname="pl.edu.mimuw.MatrixAssertionsTest" time="0.0"/>
  <testcase name="[10] Rozmiar macierzy: [ 3, 3 ]&#10;1 0 0 &#10;0 1 0 &#10;0 0 1 &#10;" classname="pl.edu.mimuw.MatrixAssertionsTest" time="0.0"/>
  <testcase name="[4] Rozmiar macierzy: [ 3, 3 ]&#10;0 0 10.0 &#10;0 11.0 0 &#10;12.0 0 0 &#10;" classname="pl.edu.mimuw.MatrixAssertionsTest" time="0.001"/>
  <testcase name="[6] Rozmiar macierzy: [ 3, 2 ]&#10;1.0 2.0&#10;3.0 4.0&#10;5.0 6.0&#10;" classname="pl.edu.mimuw.MatrixAssertionsTest" time="0.001"/>
  <testcase name="[1] Rozmiar macierzy: [ 2, 3 ]&#10;1.0 2.0 3.0&#10;4.0 5.0 6.0&#10;" classname="pl.edu.mimuw.MatrixAssertionsTest" time="0.013"/>
  <testcase name="[1] Rozmiar macierzy: [ 2, 3 ]&#10;1.0 2.0 3.0&#10;4.0 5.0 6.0&#10;" classname="pl.edu.mimuw.MatrixAssertionsTest" time="0.012"/>
  <testcase name="[2] Rozmiar macierzy: [ 3, 2 ]&#10;1.0 2.0&#10;3.0 4.0&#10;5.0 6.0&#10;" classname="pl.edu.mimuw.MatrixAssertionsTest" time="0.007"/>
  <testcase name="[4] Rozmiar macierzy: [ 3, 3 ]&#10;0 0 10.0 &#10;0 11.0 0 &#10;12.0 0 0 &#10;" classname="pl.edu.mimuw.MatrixAssertionsTest" time="0.003"/>
  <testcase name="[3] Rozmiar macierzy: [ 3, 3 ]&#10;7.0 0 0 &#10;0 8.0 0 &#10;0 0 9.0 &#10;" classname="pl.edu.mimuw.MatrixAssertionsTest" time="0.0"/>
  <testcase name="[2] Rozmiar macierzy: [ 3, 2 ]&#10;1.0 2.0&#10;3.0 4.0&#10;5.0 6.0&#10;" classname="pl.edu.mimuw.MatrixAssertionsTest" time="0.004"/>
  <testcase name="[3] Rozmiar macierzy: [ 3, 3 ]&#10;7.0 0 0 &#10;0 8.0 0 &#10;0 0 9.0 &#10;" classname="pl.edu.mimuw.MatrixAssertionsTest" time="0.001"/>
  <system-out><![CDATA[]]></system-out>
  <system-err><![CDATA[]]></system-err>
</testsuite>
