<?xml version="1.0" encoding="UTF-8"?>
<testsuite name="pl.edu.mimuw.MatrixNormTest$NormOneTest" tests="5" skipped="0" failures="0" errors="0" timestamp="2022-05-17T19:27:51" hostname="decubuntu" time="0.069">
  <properties/>
  <testcase name="testAntiDiagonal()" classname="pl.edu.mimuw.MatrixNormTest$NormOneTest" time="0.04"/>
  <testcase name="testFullMatrices()" classname="pl.edu.mimuw.MatrixNormTest$NormOneTest" time="0.001"/>
  <testcase name="testVector()" classname="pl.edu.mimuw.MatrixNormTest$NormOneTest" time="0.045"/>
  <testcase name="testDiagonal()" classname="pl.edu.mimuw.MatrixNormTest$NormOneTest" time="0.016"/>
  <testcase name="testSparseMatrices()" classname="pl.edu.mimuw.MatrixNormTest$NormOneTest" time="0.026"/>
  <system-out><![CDATA[]]></system-out>
  <system-err><![CDATA[]]></system-err>
</testsuite>
