<?xml version="1.0" encoding="UTF-8"?>
<testsuite name="pl.edu.mimuw.MatrixNormTest$FrobeniusNormTest" tests="5" skipped="0" failures="0" errors="0" timestamp="2022-05-17T19:27:51" hostname="decubuntu" time="0.056">
  <properties/>
  <testcase name="testVector()" classname="pl.edu.mimuw.MatrixNormTest$FrobeniusNormTest" time="0.043"/>
  <testcase name="testDiagonal()" classname="pl.edu.mimuw.MatrixNormTest$FrobeniusNormTest" time="0.001"/>
  <testcase name="testSparseMatrices()" classname="pl.edu.mimuw.MatrixNormTest$FrobeniusNormTest" time="0.001"/>
  <testcase name="testAntiDiagonal()" classname="pl.edu.mimuw.MatrixNormTest$FrobeniusNormTest" time="0.051"/>
  <testcase name="testFullMatrices()" classname="pl.edu.mimuw.MatrixNormTest$FrobeniusNormTest" time="0.001"/>
  <system-out><![CDATA[]]></system-out>
  <system-err><![CDATA[]]></system-err>
</testsuite>
